<?xml version="1.0" encoding="UTF-8"?>
<coverage generated="1676981807327" clover="3.2.0">
  <project timestamp="1676981807327" name="All files">
    <metrics statements="25" coveredstatements="24" conditionals="9" coveredconditionals="8" methods="3" coveredmethods="2" elements="37" coveredelements="34" complexity="0" loc="25" ncloc="25" packages="1" files="1" classes="1"/>
    <file name="app.js" path="C:\Users\ANIISAH AYU\Desktop\project\lat\grha-test\GRHA-BE\app.js">
      <metrics statements="25" coveredstatements="24" conditionals="9" coveredconditionals="8" methods="3" coveredmethods="2"/>
      <line num="1" count="1" type="stmt"/>
      <line num="2" count="1" type="stmt"/>
      <line num="3" count="1" type="cond" truecount="2" falsecount="0"/>
      <line num="4" count="1" type="stmt"/>
      <line num="6" count="1" type="stmt"/>
      <line num="8" count="1" type="stmt"/>
      <line num="9" count="1" type="stmt"/>
      <line num="11" count="1" type="stmt"/>
      <line num="12" count="2" type="stmt"/>
      <line num="13" count="2" type="stmt"/>
      <line num="14" count="2" type="stmt"/>
      <line num="15" count="2" type="stmt"/>
      <line num="18" count="2" type="stmt"/>
      <line num="19" count="2" type="stmt"/>
      <line num="20" count="2" type="cond" truecount="2" falsecount="0"/>
      <line num="21" count="1" type="stmt"/>
      <line num="22" count="1" type="stmt"/>
      <line num="23" count="1" type="cond" truecount="4" falsecount="1"/>
      <line num="24" count="1" type="stmt"/>
      <line num="26" count="2" type="stmt"/>
      <line num="27" count="2" type="stmt"/>
      <line num="28" count="2" type="stmt"/>
      <line num="29" count="2" type="stmt"/>
      <line num="32" count="0" type="stmt"/>
      <line num="40" count="1" type="stmt"/>
    </file>
  </project>
</coverage>
