{"C:\\Users\\ANIISAH AYU\\Desktop\\project\\lat\\grha-test\\GRHA-BE\\app.js": {"path":"C:\\Users\\ANIISAH AYU\\Desktop\\project\\lat\\grha-test\\GRHA-BE\\app.js","statementMap":{"0":{"start":{"line":1,"column":16},"end":{"line":1,"column":34}},"1":{"start":{"line":2,"column":12},"end":{"line":2,"column":21}},"2":{"start":{"line":3,"column":13},"end":{"line":3,"column":37}},"3":{"start":{"line":4,"column":14},"end":{"line":4,"column":30}},"4":{"start":{"line":6,"column":2},"end":{"line":6,"column":88}},"5":{"start":{"line":8,"column":0},"end":{"line":8,"column":30}},"6":{"start":{"line":9,"column":0},"end":{"line":9,"column":48}},"7":{"start":{"line":11,"column":0},"end":{"line":34,"column":3}},"8":{"start":{"line":12,"column":14},"end":{"line":12,"column":21}},"9":{"start":{"line":13,"column":17},"end":{"line":13,"column":26}},"10":{"start":{"line":14,"column":18},"end":{"line":14,"column":20}},"11":{"start":{"line":15,"column":2},"end":{"line":33,"column":7}},"12":{"start":{"line":18,"column":19},"end":{"line":18,"column":32}},"13":{"start":{"line":19,"column":25},"end":{"line":19,"column":63}},"14":{"start":{"line":20,"column":6},"end":{"line":25,"column":7}},"15":{"start":{"line":21,"column":8},"end":{"line":21,"column":26}},"16":{"start":{"line":22,"column":8},"end":{"line":22,"column":17}},"17":{"start":{"line":23,"column":13},"end":{"line":25,"column":7}},"18":{"start":{"line":24,"column":8},"end":{"line":24,"column":47}},"19":{"start":{"line":26,"column":20},"end":{"line":26,"column":40}},"20":{"start":{"line":27,"column":18},"end":{"line":27,"column":33}},"21":{"start":{"line":28,"column":20},"end":{"line":28,"column":48}},"22":{"start":{"line":29,"column":6},"end":{"line":29,"column":55}},"23":{"start":{"line":32,"column":6},"end":{"line":32,"column":48}},"24":{"start":{"line":40,"column":0},"end":{"line":40,"column":21}}},"fnMap":{"0":{"name":"(anonymous_0)","decl":{"start":{"line":11,"column":13},"end":{"line":11,"column":14}},"loc":{"start":{"line":11,"column":27},"end":{"line":34,"column":1}},"line":11},"1":{"name":"(anonymous_1)","decl":{"start":{"line":17,"column":10},"end":{"line":17,"column":11}},"loc":{"start":{"line":17,"column":24},"end":{"line":30,"column":5}},"line":17},"2":{"name":"(anonymous_2)","decl":{"start":{"line":31,"column":11},"end":{"line":31,"column":12}},"loc":{"start":{"line":31,"column":22},"end":{"line":33,"column":5}},"line":31}},"branchMap":{"0":{"loc":{"start":{"line":3,"column":13},"end":{"line":3,"column":37}},"type":"binary-expr","locations":[{"start":{"line":3,"column":13},"end":{"line":3,"column":29}},{"start":{"line":3,"column":33},"end":{"line":3,"column":37}}],"line":3},"1":{"loc":{"start":{"line":20,"column":6},"end":{"line":25,"column":7}},"type":"if","locations":[{"start":{"line":20,"column":6},"end":{"line":25,"column":7}},{"start":{"line":23,"column":13},"end":{"line":25,"column":7}}],"line":20},"2":{"loc":{"start":{"line":23,"column":13},"end":{"line":25,"column":7}},"type":"if","locations":[{"start":{"line":23,"column":13},"end":{"line":25,"column":7}},{"start":{},"end":{}}],"line":23},"3":{"loc":{"start":{"line":23,"column":17},"end":{"line":23,"column":61}},"type":"binary-expr","locations":[{"start":{"line":23,"column":17},"end":{"line":23,"column":28}},{"start":{"line":23,"column":32},"end":{"line":23,"column":40}},{"start":{"line":23,"column":44},"end":{"line":23,"column":61}}],"line":23}},"s":{"0":1,"1":1,"2":1,"3":1,"4":1,"5":1,"6":1,"7":1,"8":2,"9":2,"10":2,"11":2,"12":2,"13":2,"14":2,"15":1,"16":1,"17":1,"18":1,"19":2,"20":2,"21":2,"22":2,"23":0,"24":1},"f":{"0":2,"1":2,"2":0},"b":{"0":[1,1],"1":[1,1],"2":[1,0],"3":[1,1,1]},"_coverageSchema":"1a1c01bbd47fc00a2c39e90264f33305004495a9","hash":"4796dfb3ac67d20282788046e9b4da5ab9d350cf"}
}
