TN:
SF:app.js
FN:11,(anonymous_0)
FN:17,(anonymous_1)
FN:31,(anonymous_2)
FNF:3
FNH:2
FNDA:2,(anonymous_0)
FNDA:2,(anonymous_1)
FNDA:0,(anonymous_2)
DA:1,1
DA:2,1
DA:3,1
DA:4,1
DA:6,1
DA:8,1
DA:9,1
DA:11,1
DA:12,2
DA:13,2
DA:14,2
DA:15,2
DA:18,2
DA:19,2
DA:20,2
DA:21,1
DA:22,1
DA:23,1
DA:24,1
DA:26,2
DA:27,2
DA:28,2
DA:29,2
DA:32,0
DA:40,1
LF:25
LH:24
BRDA:3,0,0,1
BRDA:3,0,1,1
BRDA:20,1,0,1
BRDA:20,1,1,1
BRDA:23,2,0,1
BRDA:23,2,1,0
BRDA:23,3,0,1
BRDA:23,3,1,1
BRDA:23,3,2,1
BRF:9
BRH:8
end_of_record
